2026-04-16 18:59:50,479 [INFO] Starting | mode=current | concurrency=10 | rate=5.0/s
2026-04-16 18:59:50,480 [INFO] Regions: us,us2,uk,eu,au | Markets: h2h,spreads,totals + outrights
2026-04-16 18:59:50,480 [INFO] Fetching sports list...
2026-04-16 18:59:50,592 [INFO] 162 sports found
2026-04-16 18:59:50,592 [INFO] Fetching current data: odds, outrights, scores, events, per-event odds...
2026-04-16 18:59:54,719 [INFO] Requests: 50 | Rate: 5.0/s | Credits left: 3,447,088
2026-04-16 18:59:59,676 [INFO] Requests: 100 | Rate: 5.0/s | Credits left: 3,447,030
2026-04-16 19:00:05,776 [INFO] Requests: 150 | Rate: 5.0/s | Credits left: 3,446,921
2026-04-16 19:00:11,747 [INFO] Requests: 200 | Rate: 5.0/s | Credits left: 3,446,769
2026-04-16 19:00:21,184 [INFO] Requests: 250 | Rate: 5.0/s | Credits left: 3,446,554
2026-04-16 19:00:25,057 [INFO] Requests: 300 | Rate: 5.0/s | Credits left: 3,446,454
2026-04-16 19:00:30,832 [INFO] Requests: 350 | Rate: 5.0/s | Credits left: 3,446,180
2026-04-16 19:00:34,798 [INFO] Requests: 400 | Rate: 5.0/s | Credits left: 3,446,014
2026-04-16 19:00:36,336 [INFO] Requests: 450 | Rate: 5.0/s | Credits left: 3,445,935
2026-04-16 19:00:39,939 [INFO] Requests: 500 | Rate: 5.0/s | Credits left: 3,445,888
2026-04-16 19:00:44,946 [INFO] Requests: 550 | Rate: 5.0/s | Credits left: 3,445,863
2026-04-16 19:00:49,970 [INFO] Requests: 600 | Rate: 5.0/s | Credits left: 3,445,848
2026-04-16 19:00:55,074 [INFO] Requests: 650 | Rate: 5.0/s | Credits left: 3,445,848
2026-04-16 19:01:00,037 [INFO] Requests: 700 | Rate: 5.0/s | Credits left: 3,445,813
2026-04-16 19:01:05,118 [INFO] Requests: 750 | Rate: 5.0/s | Credits left: 3,445,813
2026-04-16 19:01:10,074 [INFO] Requests: 800 | Rate: 5.0/s | Credits left: 3,445,813
2026-04-16 19:01:15,135 [INFO] Requests: 850 | Rate: 5.0/s | Credits left: 3,445,803
2026-04-16 19:01:20,114 [INFO] Requests: 900 | Rate: 5.0/s | Credits left: 3,445,803
2026-04-16 19:01:25,126 [INFO] Requests: 950 | Rate: 5.0/s | Credits left: 3,445,803
2026-04-16 19:01:30,163 [INFO] Requests: 1,000 | Rate: 5.0/s | Credits left: 3,445,803
2026-04-16 19:01:35,199 [INFO] Requests: 1,050 | Rate: 5.0/s | Credits left: 3,445,803
2026-04-16 19:01:40,217 [INFO] Requests: 1,100 | Rate: 5.0/s | Credits left: 3,445,793
2026-04-16 19:01:45,239 [INFO] Requests: 1,150 | Rate: 5.0/s | Credits left: 3,445,793
2026-04-16 19:01:50,265 [INFO] Requests: 1,200 | Rate: 5.0/s | Credits left: 3,445,793
2026-04-16 19:01:55,295 [INFO] Requests: 1,250 | Rate: 5.0/s | Credits left: 3,445,793
2026-04-16 19:02:00,323 [INFO] Requests: 1,300 | Rate: 5.0/s | Credits left: 3,445,793
2026-04-16 19:02:05,368 [INFO] Requests: 1,350 | Rate: 5.0/s | Credits left: 3,445,793
2026-04-16 19:02:10,373 [INFO] Requests: 1,400 | Rate: 5.0/s | Credits left: 3,445,793
2026-04-16 19:02:14,247 [INFO] Current data done.
2026-04-16 19:02:14,249 [INFO] Fetch complete.
2026-04-16 19:02:14,249 [INFO] Building ML tables...
2026-04-16 19:02:14,305 [INFO]   Saved 9 rows -> ml/americanfootball_ncaaf/consensus.csv
2026-04-16 19:02:14,312 [INFO]   Saved 9 rows -> ml/americanfootball_ncaaf/features.csv
2026-04-16 19:02:14,354 [INFO]   Saved 4 rows -> ml/americanfootball_ufl/consensus.csv
2026-04-16 19:02:14,360 [INFO]   Saved 4 rows -> ml/americanfootball_ufl/features.csv
2026-04-16 19:02:14,409 [INFO]   Saved 8 rows -> ml/aussierules_afl/consensus.csv
2026-04-16 19:02:14,416 [INFO]   Saved 8 rows -> ml/aussierules_afl/features.csv
2026-04-16 19:02:14,418 [INFO]   Saved 1 rows -> ml/aussierules_afl/labels.csv
2026-04-16 19:02:14,421 [INFO]   Saved 0 rows -> ml/aussierules_afl/ml_ready.csv
2026-04-16 19:02:14,421 [INFO]   aussierules_afl: 8 feature rows | 0 labeled
2026-04-16 19:02:14,454 [INFO]   Saved 5 rows -> ml/baseball_kbo/consensus.csv
2026-04-16 19:02:14,460 [INFO]   Saved 5 rows -> ml/baseball_kbo/features.csv
2026-04-16 19:02:14,524 [INFO]   Saved 12 rows -> ml/baseball_milb/consensus.csv
2026-04-16 19:02:14,530 [INFO]   Saved 12 rows -> ml/baseball_milb/features.csv
2026-04-16 19:02:14,637 [INFO]   Saved 19 rows -> ml/baseball_mlb/consensus.csv
2026-04-16 19:02:14,645 [INFO]   Saved 19 rows -> ml/baseball_mlb/features.csv
2026-04-16 19:02:14,658 [INFO]   Saved 40 rows -> ml/baseball_mlb/labels.csv
2026-04-16 19:02:14,660 [INFO]   Saved 0 rows -> ml/baseball_mlb/ml_ready.csv
2026-04-16 19:02:14,660 [INFO]   baseball_mlb: 19 feature rows | 0 labeled
2026-04-16 19:02:14,692 [INFO]   Saved 4 rows -> ml/baseball_ncaa/consensus.csv
2026-04-16 19:02:14,698 [INFO]   Saved 4 rows -> ml/baseball_ncaa/features.csv
2026-04-16 19:02:14,738 [INFO]   Saved 6 rows -> ml/baseball_npb/consensus.csv
2026-04-16 19:02:14,744 [INFO]   Saved 6 rows -> ml/baseball_npb/features.csv
2026-04-16 19:02:14,807 [INFO]   Saved 10 rows -> ml/basketball_euroleague/consensus.csv
2026-04-16 19:02:14,814 [INFO]   Saved 10 rows -> ml/basketball_euroleague/features.csv
2026-04-16 19:02:14,868 [INFO]   Saved 8 rows -> ml/basketball_nba/consensus.csv
2026-04-16 19:02:14,874 [INFO]   Saved 8 rows -> ml/basketball_nba/features.csv
2026-04-16 19:02:14,878 [INFO]   Saved 4 rows -> ml/basketball_nba/labels.csv
2026-04-16 19:02:14,880 [INFO]   Saved 0 rows -> ml/basketball_nba/ml_ready.csv
2026-04-16 19:02:14,880 [INFO]   basketball_nba: 8 feature rows | 0 labeled
2026-04-16 19:02:14,912 [INFO]   Saved 4 rows -> ml/basketball_wnba/consensus.csv
2026-04-16 19:02:14,917 [INFO]   Saved 4 rows -> ml/basketball_wnba/features.csv
2026-04-16 19:02:15,125 [INFO]   Saved 52 rows -> ml/boxing_boxing/consensus.csv
2026-04-16 19:02:15,139 [INFO]   Saved 52 rows -> ml/boxing_boxing/features.csv
2026-04-16 19:02:15,151 [INFO]   Saved 1 rows -> ml/cricket_international_t20/consensus.csv
2026-04-16 19:02:15,156 [INFO]   Saved 1 rows -> ml/cricket_international_t20/features.csv
2026-04-16 19:02:15,195 [INFO]   Saved 4 rows -> ml/cricket_ipl/consensus.csv
2026-04-16 19:02:15,201 [INFO]   Saved 4 rows -> ml/cricket_ipl/features.csv
2026-04-16 19:02:15,213 [INFO]   Saved 1 rows -> ml/cricket_odi/consensus.csv
2026-04-16 19:02:15,218 [INFO]   Saved 1 rows -> ml/cricket_odi/features.csv
2026-04-16 19:02:15,235 [INFO]   Saved 2 rows -> ml/cricket_psl/consensus.csv
2026-04-16 19:02:15,240 [INFO]   Saved 2 rows -> ml/cricket_psl/features.csv
2026-04-16 19:02:15,339 [INFO]   Saved 12 rows -> ml/icehockey_ahl/consensus.csv
2026-04-16 19:02:15,345 [INFO]   Saved 12 rows -> ml/icehockey_ahl/features.csv
2026-04-16 19:02:15,359 [INFO]   Saved 1 rows -> ml/icehockey_liiga/consensus.csv
2026-04-16 19:02:15,364 [INFO]   Saved 1 rows -> ml/icehockey_liiga/features.csv
2026-04-16 19:02:15,436 [INFO]   Saved 12 rows -> ml/icehockey_nhl/consensus.csv
2026-04-16 19:02:15,443 [INFO]   Saved 12 rows -> ml/icehockey_nhl/features.csv
2026-04-16 19:02:15,452 [INFO]   Saved 25 rows -> ml/icehockey_nhl/labels.csv
2026-04-16 19:02:15,454 [INFO]   Saved 0 rows -> ml/icehockey_nhl/ml_ready.csv
2026-04-16 19:02:15,454 [INFO]   icehockey_nhl: 12 feature rows | 0 labeled
2026-04-16 19:02:15,471 [INFO]   Saved 1 rows -> ml/icehockey_sweden_allsvenskan/consensus.csv
2026-04-16 19:02:15,476 [INFO]   Saved 1 rows -> ml/icehockey_sweden_allsvenskan/features.csv
2026-04-16 19:02:15,479 [INFO]   Saved 1 rows -> ml/icehockey_sweden_allsvenskan/labels.csv
2026-04-16 19:02:15,481 [INFO]   Saved 0 rows -> ml/icehockey_sweden_allsvenskan/ml_ready.csv
2026-04-16 19:02:15,481 [INFO]   icehockey_sweden_allsvenskan: 1 feature rows | 0 labeled
2026-04-16 19:02:15,493 [INFO]   Saved 1 rows -> ml/icehockey_sweden_hockey_league/consensus.csv
2026-04-16 19:02:15,498 [INFO]   Saved 1 rows -> ml/icehockey_sweden_hockey_league/features.csv
2026-04-16 19:02:15,561 [INFO]   Saved 11 rows -> ml/lacrosse_ncaa/consensus.csv
2026-04-16 19:02:15,567 [INFO]   Saved 11 rows -> ml/lacrosse_ncaa/features.csv
2026-04-16 19:02:15,846 [INFO]   Saved 63 rows -> ml/mma_mixed_martial_arts/consensus.csv
2026-04-16 19:02:15,862 [INFO]   Saved 63 rows -> ml/mma_mixed_martial_arts/features.csv
2026-04-16 19:02:15,956 [INFO]   Saved 15 rows -> ml/rugbyleague_nrl/consensus.csv
2026-04-16 19:02:15,963 [INFO]   Saved 15 rows -> ml/rugbyleague_nrl/features.csv
2026-04-16 19:02:15,966 [INFO]   Saved 1 rows -> ml/rugbyleague_nrl/labels.csv
2026-04-16 19:02:15,968 [INFO]   Saved 0 rows -> ml/rugbyleague_nrl/ml_ready.csv
2026-04-16 19:02:15,968 [INFO]   rugbyleague_nrl: 15 feature rows | 0 labeled
2026-04-16 19:02:15,979 [INFO]   Saved 1 rows -> ml/rugbyleague_nrl_state_of_origin/consensus.csv
2026-04-16 19:02:15,984 [INFO]   Saved 1 rows -> ml/rugbyleague_nrl_state_of_origin/features.csv
2026-04-16 19:02:16,115 [INFO]   Saved 25 rows -> ml/soccer_argentina_primera_division/consensus.csv
2026-04-16 19:02:16,125 [INFO]   Saved 25 rows -> ml/soccer_argentina_primera_division/features.csv
2026-04-16 19:02:16,128 [INFO]   Saved 4 rows -> ml/soccer_argentina_primera_division/labels.csv
2026-04-16 19:02:16,130 [INFO]   Saved 0 rows -> ml/soccer_argentina_primera_division/ml_ready.csv
2026-04-16 19:02:16,130 [INFO]   soccer_argentina_primera_division: 25 feature rows | 0 labeled
2026-04-16 19:02:16,172 [INFO]   Saved 6 rows -> ml/soccer_australia_aleague/consensus.csv
2026-04-16 19:02:16,178 [INFO]   Saved 6 rows -> ml/soccer_australia_aleague/features.csv
2026-04-16 19:02:16,251 [INFO]   Saved 12 rows -> ml/soccer_austria_bundesliga/consensus.csv
2026-04-16 19:02:16,258 [INFO]   Saved 12 rows -> ml/soccer_austria_bundesliga/features.csv
2026-04-16 19:02:16,375 [INFO]   Saved 22 rows -> ml/soccer_belgium_first_div/consensus.csv
2026-04-16 19:02:16,384 [INFO]   Saved 22 rows -> ml/soccer_belgium_first_div/features.csv
2026-04-16 19:02:16,468 [INFO]   Saved 14 rows -> ml/soccer_brazil_campeonato/consensus.csv
2026-04-16 19:02:16,476 [INFO]   Saved 14 rows -> ml/soccer_brazil_campeonato/features.csv
2026-04-16 19:02:16,538 [INFO]   Saved 10 rows -> ml/soccer_brazil_serie_b/consensus.csv
2026-04-16 19:02:16,545 [INFO]   Saved 10 rows -> ml/soccer_brazil_serie_b/features.csv
2026-04-16 19:02:16,599 [INFO]   Saved 8 rows -> ml/soccer_chile_campeonato/consensus.csv
2026-04-16 19:02:16,605 [INFO]   Saved 8 rows -> ml/soccer_chile_campeonato/features.csv
2026-04-16 19:02:16,658 [INFO]   Saved 8 rows -> ml/soccer_china_superleague/consensus.csv
2026-04-16 19:02:16,664 [INFO]   Saved 8 rows -> ml/soccer_china_superleague/features.csv
2026-04-16 19:02:16,776 [INFO]   Saved 20 rows -> ml/soccer_conmebol_copa_libertadores/consensus.csv
2026-04-16 19:02:16,785 [INFO]   Saved 20 rows -> ml/soccer_conmebol_copa_libertadores/features.csv
2026-04-16 19:02:16,896 [INFO]   Saved 21 rows -> ml/soccer_conmebol_copa_sudamericana/consensus.csv
2026-04-16 19:02:16,905 [INFO]   Saved 21 rows -> ml/soccer_conmebol_copa_sudamericana/features.csv
2026-04-16 19:02:16,910 [INFO]   Saved 11 rows -> ml/soccer_conmebol_copa_sudamericana/labels.csv
2026-04-16 19:02:16,912 [INFO]   Saved 0 rows -> ml/soccer_conmebol_copa_sudamericana/ml_ready.csv
2026-04-16 19:02:16,912 [INFO]   soccer_conmebol_copa_sudamericana: 21 feature rows | 0 labeled
2026-04-16 19:02:17,005 [INFO]   Saved 17 rows -> ml/soccer_denmark_superliga/consensus.csv
2026-04-16 19:02:17,012 [INFO]   Saved 17 rows -> ml/soccer_denmark_superliga/features.csv
2026-04-16 19:02:17,196 [INFO]   Saved 35 rows -> ml/soccer_efl_champ/consensus.csv
2026-04-16 19:02:17,207 [INFO]   Saved 35 rows -> ml/soccer_efl_champ/features.csv
2026-04-16 19:02:17,210 [INFO]   Saved 2 rows -> ml/soccer_efl_champ/labels.csv
2026-04-16 19:02:17,213 [INFO]   Saved 0 rows -> ml/soccer_efl_champ/ml_ready.csv
2026-04-16 19:02:17,213 [INFO]   soccer_efl_champ: 35 feature rows | 0 labeled
2026-04-16 19:02:17,320 [INFO]   Saved 19 rows -> ml/soccer_england_league1/consensus.csv
2026-04-16 19:02:17,328 [INFO]   Saved 19 rows -> ml/soccer_england_league1/features.csv
2026-04-16 19:02:17,332 [INFO]   Saved 7 rows -> ml/soccer_england_league1/labels.csv
2026-04-16 19:02:17,334 [INFO]   Saved 0 rows -> ml/soccer_england_league1/ml_ready.csv
2026-04-16 19:02:17,334 [INFO]   soccer_england_league1: 19 feature rows | 0 labeled
2026-04-16 19:02:17,412 [INFO]   Saved 13 rows -> ml/soccer_england_league2/consensus.csv
2026-04-16 19:02:17,419 [INFO]   Saved 13 rows -> ml/soccer_england_league2/features.csv
2026-04-16 19:02:17,423 [INFO]   Saved 4 rows -> ml/soccer_england_league2/labels.csv
2026-04-16 19:02:17,425 [INFO]   Saved 0 rows -> ml/soccer_england_league2/ml_ready.csv
2026-04-16 19:02:17,425 [INFO]   soccer_england_league2: 13 feature rows | 0 labeled
2026-04-16 19:02:17,542 [INFO]   Saved 20 rows -> ml/soccer_epl/consensus.csv
2026-04-16 19:02:17,551 [INFO]   Saved 20 rows -> ml/soccer_epl/features.csv
2026-04-16 19:02:17,571 [INFO]   Saved 2 rows -> ml/soccer_fa_cup/consensus.csv
2026-04-16 19:02:17,576 [INFO]   Saved 2 rows -> ml/soccer_fa_cup/features.csv
2026-04-16 19:02:17,726 [INFO]   Saved 27 rows -> ml/soccer_fifa_world_cup/consensus.csv
2026-04-16 19:02:17,736 [INFO]   Saved 27 rows -> ml/soccer_fifa_world_cup/features.csv
2026-04-16 19:02:17,786 [INFO]   Saved 6 rows -> ml/soccer_finland_veikkausliiga/consensus.csv
2026-04-16 19:02:17,792 [INFO]   Saved 6 rows -> ml/soccer_finland_veikkausliiga/features.csv
2026-04-16 19:02:17,811 [INFO]   Saved 2 rows -> ml/soccer_france_coupe_de_france/consensus.csv
2026-04-16 19:02:17,816 [INFO]   Saved 2 rows -> ml/soccer_france_coupe_de_france/features.csv
2026-04-16 19:02:17,925 [INFO]   Saved 19 rows -> ml/soccer_france_ligue_one/consensus.csv
2026-04-16 19:02:17,934 [INFO]   Saved 19 rows -> ml/soccer_france_ligue_one/features.csv
2026-04-16 19:02:17,993 [INFO]   Saved 9 rows -> ml/soccer_france_ligue_two/consensus.csv
2026-04-16 19:02:17,999 [INFO]   Saved 9 rows -> ml/soccer_france_ligue_two/features.csv
2026-04-16 19:02:18,109 [INFO]   Saved 18 rows -> ml/soccer_germany_bundesliga/consensus.csv
2026-04-16 19:02:18,118 [INFO]   Saved 18 rows -> ml/soccer_germany_bundesliga/features.csv
2026-04-16 19:02:18,180 [INFO]   Saved 9 rows -> ml/soccer_germany_bundesliga2/consensus.csv
2026-04-16 19:02:18,186 [INFO]   Saved 9 rows -> ml/soccer_germany_bundesliga2/features.csv
2026-04-16 19:02:18,204 [INFO]   Saved 2 rows -> ml/soccer_germany_dfb_pokal/consensus.csv
2026-04-16 19:02:18,209 [INFO]   Saved 2 rows -> ml/soccer_germany_dfb_pokal/features.csv
2026-04-16 19:02:18,273 [INFO]   Saved 10 rows -> ml/soccer_germany_liga3/consensus.csv
2026-04-16 19:02:18,280 [INFO]   Saved 10 rows -> ml/soccer_germany_liga3/features.csv
2026-04-16 19:02:18,342 [INFO]   Saved 10 rows -> ml/soccer_greece_super_league/consensus.csv
2026-04-16 19:02:18,349 [INFO]   Saved 10 rows -> ml/soccer_greece_super_league/features.csv
2026-04-16 19:02:18,368 [INFO]   Saved 2 rows -> ml/soccer_italy_coppa_italia/consensus.csv
2026-04-16 19:02:18,373 [INFO]   Saved 2 rows -> ml/soccer_italy_coppa_italia/features.csv
2026-04-16 19:02:18,491 [INFO]   Saved 20 rows -> ml/soccer_italy_serie_a/consensus.csv
2026-04-16 19:02:18,500 [INFO]   Saved 20 rows -> ml/soccer_italy_serie_a/features.csv
2026-04-16 19:02:18,564 [INFO]   Saved 10 rows -> ml/soccer_italy_serie_b/consensus.csv
2026-04-16 19:02:18,570 [INFO]   Saved 10 rows -> ml/soccer_italy_serie_b/features.csv
2026-04-16 19:02:18,573 [INFO]   Saved 1 rows -> ml/soccer_italy_serie_b/labels.csv
2026-04-16 19:02:18,575 [INFO]   Saved 0 rows -> ml/soccer_italy_serie_b/ml_ready.csv
2026-04-16 19:02:18,575 [INFO]   soccer_italy_serie_b: 10 feature rows | 0 labeled
2026-04-16 19:02:18,622 [INFO]   Saved 8 rows -> ml/soccer_japan_j_league/consensus.csv
2026-04-16 19:02:18,628 [INFO]   Saved 8 rows -> ml/soccer_japan_j_league/features.csv
2026-04-16 19:02:18,687 [INFO]   Saved 10 rows -> ml/soccer_korea_kleague1/consensus.csv
2026-04-16 19:02:18,693 [INFO]   Saved 10 rows -> ml/soccer_korea_kleague1/features.csv
2026-04-16 19:02:18,696 [INFO]   Saved 1 rows -> ml/soccer_korea_kleague1/labels.csv
2026-04-16 19:02:18,698 [INFO]   Saved 0 rows -> ml/soccer_korea_kleague1/ml_ready.csv
2026-04-16 19:02:18,698 [INFO]   soccer_korea_kleague1: 10 feature rows | 0 labeled
2026-04-16 19:02:18,749 [INFO]   Saved 5 rows -> ml/soccer_league_of_ireland/consensus.csv
2026-04-16 19:02:18,754 [INFO]   Saved 5 rows -> ml/soccer_league_of_ireland/features.csv
2026-04-16 19:02:18,891 [INFO]   Saved 25 rows -> ml/soccer_mexico_ligamx/consensus.csv
2026-04-16 19:02:18,901 [INFO]   Saved 25 rows -> ml/soccer_mexico_ligamx/features.csv
2026-04-16 19:02:18,958 [INFO]   Saved 9 rows -> ml/soccer_netherlands_eredivisie/consensus.csv
2026-04-16 19:02:18,965 [INFO]   Saved 9 rows -> ml/soccer_netherlands_eredivisie/features.csv
2026-04-16 19:02:19,018 [INFO]   Saved 8 rows -> ml/soccer_norway_eliteserien/consensus.csv
2026-04-16 19:02:19,025 [INFO]   Saved 8 rows -> ml/soccer_norway_eliteserien/features.csv
2026-04-16 19:02:19,028 [INFO]   Saved 2 rows -> ml/soccer_norway_eliteserien/labels.csv
2026-04-16 19:02:19,030 [INFO]   Saved 0 rows -> ml/soccer_norway_eliteserien/ml_ready.csv
2026-04-16 19:02:19,030 [INFO]   soccer_norway_eliteserien: 8 feature rows | 0 labeled
2026-04-16 19:02:19,089 [INFO]   Saved 9 rows -> ml/soccer_poland_ekstraklasa/consensus.csv
2026-04-16 19:02:19,095 [INFO]   Saved 9 rows -> ml/soccer_poland_ekstraklasa/features.csv
2026-04-16 19:02:19,155 [INFO]   Saved 9 rows -> ml/soccer_portugal_primeira_liga/consensus.csv
2026-04-16 19:02:19,161 [INFO]   Saved 9 rows -> ml/soccer_portugal_primeira_liga/features.csv
2026-04-16 19:02:19,164 [INFO]   Saved 1 rows -> ml/soccer_portugal_primeira_liga/labels.csv
2026-04-16 19:02:19,166 [INFO]   Saved 0 rows -> ml/soccer_portugal_primeira_liga/ml_ready.csv
2026-04-16 19:02:19,166 [INFO]   soccer_portugal_primeira_liga: 9 feature rows | 0 labeled
2026-04-16 19:02:19,212 [INFO]   Saved 8 rows -> ml/soccer_russia_premier_league/consensus.csv
2026-04-16 19:02:19,218 [INFO]   Saved 8 rows -> ml/soccer_russia_premier_league/features.csv
2026-04-16 19:02:19,236 [INFO]   Saved 2 rows -> ml/soccer_saudi_arabia_pro_league/consensus.csv
2026-04-16 19:02:19,241 [INFO]   Saved 2 rows -> ml/soccer_saudi_arabia_pro_league/features.csv
2026-04-16 19:02:19,245 [INFO]   Saved 2 rows -> ml/soccer_saudi_arabia_pro_league/labels.csv
2026-04-16 19:02:19,246 [INFO]   Saved 0 rows -> ml/soccer_saudi_arabia_pro_league/ml_ready.csv
2026-04-16 19:02:19,247 [INFO]   soccer_saudi_arabia_pro_league: 2 feature rows | 0 labeled
2026-04-16 19:02:19,259 [INFO]   Saved 1 rows -> ml/soccer_spain_copa_del_rey/consensus.csv
2026-04-16 19:02:19,264 [INFO]   Saved 1 rows -> ml/soccer_spain_copa_del_rey/features.csv
2026-04-16 19:02:19,380 [INFO]   Saved 20 rows -> ml/soccer_spain_la_liga/consensus.csv
2026-04-16 19:02:19,389 [INFO]   Saved 20 rows -> ml/soccer_spain_la_liga/features.csv
2026-04-16 19:02:19,459 [INFO]   Saved 11 rows -> ml/soccer_spain_segunda_division/consensus.csv
2026-04-16 19:02:19,466 [INFO]   Saved 11 rows -> ml/soccer_spain_segunda_division/features.csv
2026-04-16 19:02:19,506 [INFO]   Saved 6 rows -> ml/soccer_spl/consensus.csv
2026-04-16 19:02:19,511 [INFO]   Saved 6 rows -> ml/soccer_spl/features.csv
2026-04-16 19:02:19,566 [INFO]   Saved 8 rows -> ml/soccer_sweden_allsvenskan/consensus.csv
2026-04-16 19:02:19,572 [INFO]   Saved 8 rows -> ml/soccer_sweden_allsvenskan/features.csv
2026-04-16 19:02:19,629 [INFO]   Saved 9 rows -> ml/soccer_sweden_superettan/consensus.csv
2026-04-16 19:02:19,635 [INFO]   Saved 9 rows -> ml/soccer_sweden_superettan/features.csv
2026-04-16 19:02:19,638 [INFO]   Saved 1 rows -> ml/soccer_sweden_superettan/labels.csv
2026-04-16 19:02:19,640 [INFO]   Saved 0 rows -> ml/soccer_sweden_superettan/ml_ready.csv
2026-04-16 19:02:19,640 [INFO]   soccer_sweden_superettan: 9 feature rows | 0 labeled
2026-04-16 19:02:19,683 [INFO]   Saved 7 rows -> ml/soccer_switzerland_superleague/consensus.csv
2026-04-16 19:02:19,689 [INFO]   Saved 7 rows -> ml/soccer_switzerland_superleague/features.csv
2026-04-16 19:02:19,748 [INFO]   Saved 9 rows -> ml/soccer_turkey_super_league/consensus.csv
2026-04-16 19:02:19,755 [INFO]   Saved 9 rows -> ml/soccer_turkey_super_league/features.csv
2026-04-16 19:02:19,775 [INFO]   Saved 2 rows -> ml/soccer_uefa_champs_league/consensus.csv
2026-04-16 19:02:19,780 [INFO]   Saved 2 rows -> ml/soccer_uefa_champs_league/features.csv
2026-04-16 19:02:19,784 [INFO]   Saved 4 rows -> ml/soccer_uefa_champs_league/labels.csv
2026-04-16 19:02:19,786 [INFO]   Saved 0 rows -> ml/soccer_uefa_champs_league/ml_ready.csv
2026-04-16 19:02:19,786 [INFO]   soccer_uefa_champs_league: 2 feature rows | 0 labeled
2026-04-16 19:02:19,810 [INFO]   Saved 3 rows -> ml/soccer_uefa_europa_conference_league/consensus.csv
2026-04-16 19:02:19,815 [INFO]   Saved 3 rows -> ml/soccer_uefa_europa_conference_league/features.csv
2026-04-16 19:02:19,817 [INFO]   Saved 1 rows -> ml/soccer_uefa_europa_conference_league/labels.csv
2026-04-16 19:02:19,819 [INFO]   Saved 0 rows -> ml/soccer_uefa_europa_conference_league/ml_ready.csv
2026-04-16 19:02:19,819 [INFO]   soccer_uefa_europa_conference_league: 3 feature rows | 0 labeled
2026-04-16 19:02:19,844 [INFO]   Saved 3 rows -> ml/soccer_uefa_europa_league/consensus.csv
2026-04-16 19:02:19,849 [INFO]   Saved 3 rows -> ml/soccer_uefa_europa_league/features.csv
2026-04-16 19:02:19,852 [INFO]   Saved 1 rows -> ml/soccer_uefa_europa_league/labels.csv
2026-04-16 19:02:19,853 [INFO]   Saved 0 rows -> ml/soccer_uefa_europa_league/ml_ready.csv
2026-04-16 19:02:19,854 [INFO]   soccer_uefa_europa_league: 3 feature rows | 0 labeled
2026-04-16 19:02:20,077 [INFO]   Saved 40 rows -> ml/soccer_usa_mls/consensus.csv
2026-04-16 19:02:20,090 [INFO]   Saved 40 rows -> ml/soccer_usa_mls/features.csv
2026-04-16 19:02:20,120 [INFO]   Saved 4 rows -> ml/tennis_atp_barcelona_open/consensus.csv
2026-04-16 19:02:20,125 [INFO]   Saved 4 rows -> ml/tennis_atp_barcelona_open/features.csv
2026-04-16 19:02:20,155 [INFO]   Saved 4 rows -> ml/tennis_atp_munich/consensus.csv
2026-04-16 19:02:20,161 [INFO]   Saved 4 rows -> ml/tennis_atp_munich/features.csv
2026-04-16 19:02:20,184 [INFO]   Saved 3 rows -> ml/tennis_wta_stuttgart_open/consensus.csv
2026-04-16 19:02:20,190 [INFO]   Saved 3 rows -> ml/tennis_wta_stuttgart_open/features.csv
2026-04-16 19:02:20,191 [INFO] 
============================================================
2026-04-16 19:02:20,191 [INFO] SUMMARY
2026-04-16 19:02:20,191 [INFO]   Requests          : 1,439
2026-04-16 19:02:20,191 [INFO]   Credits used      : 1554207
2026-04-16 19:02:20,192 [INFO]   Credits remaining : 3445793
2026-04-16 19:02:20,192 [INFO]   Checkpoint tasks  : 1,438
2026-04-16 19:02:20,192 [INFO]   Sports with raw   : 89
2026-04-16 19:02:20,192 [INFO]   Sports with ML    : 79
2026-04-16 19:02:20,192 [INFO]   Output            : /home/runner/work/odds-api-data/odds-api-data/odds_data
2026-04-16 19:02:20,192 [INFO] ============================================================
2026-04-16 19:02:20,192 [INFO] Total time: 0:02:29.712561
2026-04-17 07:58:43,699 [INFO] Starting | mode=current | concurrency=10 | rate=5.0/s
2026-04-17 07:58:43,699 [INFO] Regions: us,us2,uk,eu,au | Markets: h2h,spreads,totals + outrights
2026-04-17 07:58:43,699 [INFO] Fetching sports list...
2026-04-17 07:58:43,926 [INFO] 162 sports found
2026-04-17 07:58:43,926 [INFO] Fetching current data: odds, outrights, scores, events, per-event odds...
2026-04-17 07:58:43,932 [INFO] Current data done.
2026-04-17 07:58:43,933 [INFO] Fetch complete.
2026-04-17 07:58:43,934 [INFO] Building ML tables...
2026-04-17 07:58:43,986 [INFO]   Saved 9 rows -> ml/americanfootball_ncaaf/consensus.csv
2026-04-17 07:58:43,993 [INFO]   Saved 9 rows -> ml/americanfootball_ncaaf/features.csv
2026-04-17 07:58:44,034 [INFO]   Saved 4 rows -> ml/americanfootball_ufl/consensus.csv
2026-04-17 07:58:44,040 [INFO]   Saved 4 rows -> ml/americanfootball_ufl/features.csv
2026-04-17 07:58:44,086 [INFO]   Saved 8 rows -> ml/aussierules_afl/consensus.csv
2026-04-17 07:58:44,093 [INFO]   Saved 8 rows -> ml/aussierules_afl/features.csv
2026-04-17 07:58:44,096 [INFO]   Saved 1 rows -> ml/aussierules_afl/labels.csv
2026-04-17 07:58:44,098 [INFO]   Saved 0 rows -> ml/aussierules_afl/ml_ready.csv
2026-04-17 07:58:44,099 [INFO]   aussierules_afl: 8 feature rows | 0 labeled
2026-04-17 07:58:44,130 [INFO]   Saved 5 rows -> ml/baseball_kbo/consensus.csv
2026-04-17 07:58:44,136 [INFO]   Saved 5 rows -> ml/baseball_kbo/features.csv
2026-04-17 07:58:44,195 [INFO]   Saved 12 rows -> ml/baseball_milb/consensus.csv
2026-04-17 07:58:44,202 [INFO]   Saved 12 rows -> ml/baseball_milb/features.csv
2026-04-17 07:58:44,301 [INFO]   Saved 19 rows -> ml/baseball_mlb/consensus.csv
2026-04-17 07:58:44,309 [INFO]   Saved 19 rows -> ml/baseball_mlb/features.csv
2026-04-17 07:58:44,321 [INFO]   Saved 40 rows -> ml/baseball_mlb/labels.csv
2026-04-17 07:58:44,323 [INFO]   Saved 0 rows -> ml/baseball_mlb/ml_ready.csv
2026-04-17 07:58:44,323 [INFO]   baseball_mlb: 19 feature rows | 0 labeled
2026-04-17 07:58:44,354 [INFO]   Saved 4 rows -> ml/baseball_ncaa/consensus.csv
2026-04-17 07:58:44,360 [INFO]   Saved 4 rows -> ml/baseball_ncaa/features.csv
2026-04-17 07:58:44,396 [INFO]   Saved 6 rows -> ml/baseball_npb/consensus.csv
2026-04-17 07:58:44,402 [INFO]   Saved 6 rows -> ml/baseball_npb/features.csv
2026-04-17 07:58:44,460 [INFO]   Saved 10 rows -> ml/basketball_euroleague/consensus.csv
2026-04-17 07:58:44,466 [INFO]   Saved 10 rows -> ml/basketball_euroleague/features.csv
2026-04-17 07:58:44,517 [INFO]   Saved 8 rows -> ml/basketball_nba/consensus.csv
2026-04-17 07:58:44,523 [INFO]   Saved 8 rows -> ml/basketball_nba/features.csv
2026-04-17 07:58:44,527 [INFO]   Saved 4 rows -> ml/basketball_nba/labels.csv
2026-04-17 07:58:44,529 [INFO]   Saved 0 rows -> ml/basketball_nba/ml_ready.csv
2026-04-17 07:58:44,529 [INFO]   basketball_nba: 8 feature rows | 0 labeled
2026-04-17 07:58:44,560 [INFO]   Saved 4 rows -> ml/basketball_wnba/consensus.csv
2026-04-17 07:58:44,565 [INFO]   Saved 4 rows -> ml/basketball_wnba/features.csv
2026-04-17 07:58:44,754 [INFO]   Saved 52 rows -> ml/boxing_boxing/consensus.csv
2026-04-17 07:58:44,768 [INFO]   Saved 52 rows -> ml/boxing_boxing/features.csv
2026-04-17 07:58:44,781 [INFO]   Saved 1 rows -> ml/cricket_international_t20/consensus.csv
2026-04-17 07:58:44,785 [INFO]   Saved 1 rows -> ml/cricket_international_t20/features.csv
2026-04-17 07:58:44,807 [INFO]   Saved 4 rows -> ml/cricket_ipl/consensus.csv
2026-04-17 07:58:44,812 [INFO]   Saved 4 rows -> ml/cricket_ipl/features.csv
2026-04-17 07:58:44,823 [INFO]   Saved 1 rows -> ml/cricket_odi/consensus.csv
2026-04-17 07:58:44,828 [INFO]   Saved 1 rows -> ml/cricket_odi/features.csv
2026-04-17 07:58:44,843 [INFO]   Saved 2 rows -> ml/cricket_psl/consensus.csv
2026-04-17 07:58:44,848 [INFO]   Saved 2 rows -> ml/cricket_psl/features.csv
2026-04-17 07:58:44,937 [INFO]   Saved 12 rows -> ml/icehockey_ahl/consensus.csv
2026-04-17 07:58:44,944 [INFO]   Saved 12 rows -> ml/icehockey_ahl/features.csv
2026-04-17 07:58:44,957 [INFO]   Saved 1 rows -> ml/icehockey_liiga/consensus.csv
2026-04-17 07:58:44,962 [INFO]   Saved 1 rows -> ml/icehockey_liiga/features.csv
2026-04-17 07:58:45,028 [INFO]   Saved 12 rows -> ml/icehockey_nhl/consensus.csv
2026-04-17 07:58:45,035 [INFO]   Saved 12 rows -> ml/icehockey_nhl/features.csv
2026-04-17 07:58:45,043 [INFO]   Saved 25 rows -> ml/icehockey_nhl/labels.csv
2026-04-17 07:58:45,045 [INFO]   Saved 0 rows -> ml/icehockey_nhl/ml_ready.csv
2026-04-17 07:58:45,045 [INFO]   icehockey_nhl: 12 feature rows | 0 labeled
2026-04-17 07:58:45,062 [INFO]   Saved 1 rows -> ml/icehockey_sweden_allsvenskan/consensus.csv
2026-04-17 07:58:45,067 [INFO]   Saved 1 rows -> ml/icehockey_sweden_allsvenskan/features.csv
2026-04-17 07:58:45,070 [INFO]   Saved 1 rows -> ml/icehockey_sweden_allsvenskan/labels.csv
2026-04-17 07:58:45,072 [INFO]   Saved 0 rows -> ml/icehockey_sweden_allsvenskan/ml_ready.csv
2026-04-17 07:58:45,072 [INFO]   icehockey_sweden_allsvenskan: 1 feature rows | 0 labeled
2026-04-17 07:58:45,084 [INFO]   Saved 1 rows -> ml/icehockey_sweden_hockey_league/consensus.csv
2026-04-17 07:58:45,089 [INFO]   Saved 1 rows -> ml/icehockey_sweden_hockey_league/features.csv
2026-04-17 07:58:45,165 [INFO]   Saved 11 rows -> ml/lacrosse_ncaa/consensus.csv
2026-04-17 07:58:45,172 [INFO]   Saved 11 rows -> ml/lacrosse_ncaa/features.csv
2026-04-17 07:58:45,420 [INFO]   Saved 63 rows -> ml/mma_mixed_martial_arts/consensus.csv
2026-04-17 07:58:45,436 [INFO]   Saved 63 rows -> ml/mma_mixed_martial_arts/features.csv
2026-04-17 07:58:45,519 [INFO]   Saved 15 rows -> ml/rugbyleague_nrl/consensus.csv
2026-04-17 07:58:45,527 [INFO]   Saved 15 rows -> ml/rugbyleague_nrl/features.csv
2026-04-17 07:58:45,530 [INFO]   Saved 1 rows -> ml/rugbyleague_nrl/labels.csv
2026-04-17 07:58:45,532 [INFO]   Saved 0 rows -> ml/rugbyleague_nrl/ml_ready.csv
2026-04-17 07:58:45,532 [INFO]   rugbyleague_nrl: 15 feature rows | 0 labeled
2026-04-17 07:58:45,542 [INFO]   Saved 1 rows -> ml/rugbyleague_nrl_state_of_origin/consensus.csv
2026-04-17 07:58:45,547 [INFO]   Saved 1 rows -> ml/rugbyleague_nrl_state_of_origin/features.csv
2026-04-17 07:58:45,664 [INFO]   Saved 25 rows -> ml/soccer_argentina_primera_division/consensus.csv
2026-04-17 07:58:45,674 [INFO]   Saved 25 rows -> ml/soccer_argentina_primera_division/features.csv
2026-04-17 07:58:45,678 [INFO]   Saved 4 rows -> ml/soccer_argentina_primera_division/labels.csv
2026-04-17 07:58:45,680 [INFO]   Saved 0 rows -> ml/soccer_argentina_primera_division/ml_ready.csv
2026-04-17 07:58:45,680 [INFO]   soccer_argentina_primera_division: 25 feature rows | 0 labeled
2026-04-17 07:58:45,718 [INFO]   Saved 6 rows -> ml/soccer_australia_aleague/consensus.csv
2026-04-17 07:58:45,724 [INFO]   Saved 6 rows -> ml/soccer_australia_aleague/features.csv
2026-04-17 07:58:45,792 [INFO]   Saved 12 rows -> ml/soccer_austria_bundesliga/consensus.csv
2026-04-17 07:58:45,799 [INFO]   Saved 12 rows -> ml/soccer_austria_bundesliga/features.csv
2026-04-17 07:58:45,906 [INFO]   Saved 22 rows -> ml/soccer_belgium_first_div/consensus.csv
2026-04-17 07:58:45,915 [INFO]   Saved 22 rows -> ml/soccer_belgium_first_div/features.csv
2026-04-17 07:58:45,994 [INFO]   Saved 14 rows -> ml/soccer_brazil_campeonato/consensus.csv
2026-04-17 07:58:46,001 [INFO]   Saved 14 rows -> ml/soccer_brazil_campeonato/features.csv
2026-04-17 07:58:46,058 [INFO]   Saved 10 rows -> ml/soccer_brazil_serie_b/consensus.csv
2026-04-17 07:58:46,065 [INFO]   Saved 10 rows -> ml/soccer_brazil_serie_b/features.csv
2026-04-17 07:58:46,115 [INFO]   Saved 8 rows -> ml/soccer_chile_campeonato/consensus.csv
2026-04-17 07:58:46,122 [INFO]   Saved 8 rows -> ml/soccer_chile_campeonato/features.csv
2026-04-17 07:58:46,170 [INFO]   Saved 8 rows -> ml/soccer_china_superleague/consensus.csv
2026-04-17 07:58:46,176 [INFO]   Saved 8 rows -> ml/soccer_china_superleague/features.csv
2026-04-17 07:58:46,276 [INFO]   Saved 20 rows -> ml/soccer_conmebol_copa_libertadores/consensus.csv
2026-04-17 07:58:46,284 [INFO]   Saved 20 rows -> ml/soccer_conmebol_copa_libertadores/features.csv
2026-04-17 07:58:46,383 [INFO]   Saved 21 rows -> ml/soccer_conmebol_copa_sudamericana/consensus.csv
2026-04-17 07:58:46,392 [INFO]   Saved 21 rows -> ml/soccer_conmebol_copa_sudamericana/features.csv
2026-04-17 07:58:46,397 [INFO]   Saved 11 rows -> ml/soccer_conmebol_copa_sudamericana/labels.csv
2026-04-17 07:58:46,399 [INFO]   Saved 0 rows -> ml/soccer_conmebol_copa_sudamericana/ml_ready.csv
2026-04-17 07:58:46,399 [INFO]   soccer_conmebol_copa_sudamericana: 21 feature rows | 0 labeled
2026-04-17 07:58:46,484 [INFO]   Saved 17 rows -> ml/soccer_denmark_superliga/consensus.csv
2026-04-17 07:58:46,492 [INFO]   Saved 17 rows -> ml/soccer_denmark_superliga/features.csv
2026-04-17 07:58:46,659 [INFO]   Saved 35 rows -> ml/soccer_efl_champ/consensus.csv
2026-04-17 07:58:46,671 [INFO]   Saved 35 rows -> ml/soccer_efl_champ/features.csv
2026-04-17 07:58:46,674 [INFO]   Saved 2 rows -> ml/soccer_efl_champ/labels.csv
2026-04-17 07:58:46,676 [INFO]   Saved 0 rows -> ml/soccer_efl_champ/ml_ready.csv
2026-04-17 07:58:46,676 [INFO]   soccer_efl_champ: 35 feature rows | 0 labeled
2026-04-17 07:58:46,774 [INFO]   Saved 19 rows -> ml/soccer_england_league1/consensus.csv
2026-04-17 07:58:46,782 [INFO]   Saved 19 rows -> ml/soccer_england_league1/features.csv
2026-04-17 07:58:46,786 [INFO]   Saved 7 rows -> ml/soccer_england_league1/labels.csv
2026-04-17 07:58:46,788 [INFO]   Saved 0 rows -> ml/soccer_england_league1/ml_ready.csv
2026-04-17 07:58:46,788 [INFO]   soccer_england_league1: 19 feature rows | 0 labeled
2026-04-17 07:58:46,859 [INFO]   Saved 13 rows -> ml/soccer_england_league2/consensus.csv
2026-04-17 07:58:46,867 [INFO]   Saved 13 rows -> ml/soccer_england_league2/features.csv
2026-04-17 07:58:46,870 [INFO]   Saved 4 rows -> ml/soccer_england_league2/labels.csv
2026-04-17 07:58:46,872 [INFO]   Saved 0 rows -> ml/soccer_england_league2/ml_ready.csv
2026-04-17 07:58:46,872 [INFO]   soccer_england_league2: 13 feature rows | 0 labeled
2026-04-17 07:58:46,979 [INFO]   Saved 20 rows -> ml/soccer_epl/consensus.csv
2026-04-17 07:58:46,988 [INFO]   Saved 20 rows -> ml/soccer_epl/features.csv
2026-04-17 07:58:47,008 [INFO]   Saved 2 rows -> ml/soccer_fa_cup/consensus.csv
2026-04-17 07:58:47,013 [INFO]   Saved 2 rows -> ml/soccer_fa_cup/features.csv
2026-04-17 07:58:47,155 [INFO]   Saved 27 rows -> ml/soccer_fifa_world_cup/consensus.csv
2026-04-17 07:58:47,165 [INFO]   Saved 27 rows -> ml/soccer_fifa_world_cup/features.csv
2026-04-17 07:58:47,212 [INFO]   Saved 6 rows -> ml/soccer_finland_veikkausliiga/consensus.csv
2026-04-17 07:58:47,218 [INFO]   Saved 6 rows -> ml/soccer_finland_veikkausliiga/features.csv
2026-04-17 07:58:47,236 [INFO]   Saved 2 rows -> ml/soccer_france_coupe_de_france/consensus.csv
2026-04-17 07:58:47,241 [INFO]   Saved 2 rows -> ml/soccer_france_coupe_de_france/features.csv
2026-04-17 07:58:47,344 [INFO]   Saved 19 rows -> ml/soccer_france_ligue_one/consensus.csv
2026-04-17 07:58:47,352 [INFO]   Saved 19 rows -> ml/soccer_france_ligue_one/features.csv
2026-04-17 07:58:47,407 [INFO]   Saved 9 rows -> ml/soccer_france_ligue_two/consensus.csv
2026-04-17 07:58:47,414 [INFO]   Saved 9 rows -> ml/soccer_france_ligue_two/features.csv
2026-04-17 07:58:47,514 [INFO]   Saved 18 rows -> ml/soccer_germany_bundesliga/consensus.csv
2026-04-17 07:58:47,523 [INFO]   Saved 18 rows -> ml/soccer_germany_bundesliga/features.csv
2026-04-17 07:58:47,578 [INFO]   Saved 9 rows -> ml/soccer_germany_bundesliga2/consensus.csv
2026-04-17 07:58:47,585 [INFO]   Saved 9 rows -> ml/soccer_germany_bundesliga2/features.csv
2026-04-17 07:58:47,601 [INFO]   Saved 2 rows -> ml/soccer_germany_dfb_pokal/consensus.csv
2026-04-17 07:58:47,606 [INFO]   Saved 2 rows -> ml/soccer_germany_dfb_pokal/features.csv
2026-04-17 07:58:47,664 [INFO]   Saved 10 rows -> ml/soccer_germany_liga3/consensus.csv
2026-04-17 07:58:47,671 [INFO]   Saved 10 rows -> ml/soccer_germany_liga3/features.csv
2026-04-17 07:58:47,728 [INFO]   Saved 10 rows -> ml/soccer_greece_super_league/consensus.csv
2026-04-17 07:58:47,734 [INFO]   Saved 10 rows -> ml/soccer_greece_super_league/features.csv
2026-04-17 07:58:47,753 [INFO]   Saved 2 rows -> ml/soccer_italy_coppa_italia/consensus.csv
2026-04-17 07:58:47,758 [INFO]   Saved 2 rows -> ml/soccer_italy_coppa_italia/features.csv
2026-04-17 07:58:47,865 [INFO]   Saved 20 rows -> ml/soccer_italy_serie_a/consensus.csv
2026-04-17 07:58:47,873 [INFO]   Saved 20 rows -> ml/soccer_italy_serie_a/features.csv
2026-04-17 07:58:47,936 [INFO]   Saved 10 rows -> ml/soccer_italy_serie_b/consensus.csv
2026-04-17 07:58:47,943 [INFO]   Saved 10 rows -> ml/soccer_italy_serie_b/features.csv
2026-04-17 07:58:47,946 [INFO]   Saved 1 rows -> ml/soccer_italy_serie_b/labels.csv
2026-04-17 07:58:47,948 [INFO]   Saved 0 rows -> ml/soccer_italy_serie_b/ml_ready.csv
2026-04-17 07:58:47,948 [INFO]   soccer_italy_serie_b: 10 feature rows | 0 labeled
2026-04-17 07:58:47,991 [INFO]   Saved 8 rows -> ml/soccer_japan_j_league/consensus.csv
2026-04-17 07:58:47,997 [INFO]   Saved 8 rows -> ml/soccer_japan_j_league/features.csv
2026-04-17 07:58:48,050 [INFO]   Saved 10 rows -> ml/soccer_korea_kleague1/consensus.csv
2026-04-17 07:58:48,057 [INFO]   Saved 10 rows -> ml/soccer_korea_kleague1/features.csv
2026-04-17 07:58:48,059 [INFO]   Saved 1 rows -> ml/soccer_korea_kleague1/labels.csv
2026-04-17 07:58:48,061 [INFO]   Saved 0 rows -> ml/soccer_korea_kleague1/ml_ready.csv
2026-04-17 07:58:48,061 [INFO]   soccer_korea_kleague1: 10 feature rows | 0 labeled
2026-04-17 07:58:48,095 [INFO]   Saved 5 rows -> ml/soccer_league_of_ireland/consensus.csv
2026-04-17 07:58:48,100 [INFO]   Saved 5 rows -> ml/soccer_league_of_ireland/features.csv
2026-04-17 07:58:48,224 [INFO]   Saved 25 rows -> ml/soccer_mexico_ligamx/consensus.csv
2026-04-17 07:58:48,233 [INFO]   Saved 25 rows -> ml/soccer_mexico_ligamx/features.csv
2026-04-17 07:58:48,286 [INFO]   Saved 9 rows -> ml/soccer_netherlands_eredivisie/consensus.csv
2026-04-17 07:58:48,293 [INFO]   Saved 9 rows -> ml/soccer_netherlands_eredivisie/features.csv
2026-04-17 07:58:48,341 [INFO]   Saved 8 rows -> ml/soccer_norway_eliteserien/consensus.csv
2026-04-17 07:58:48,348 [INFO]   Saved 8 rows -> ml/soccer_norway_eliteserien/features.csv
2026-04-17 07:58:48,351 [INFO]   Saved 2 rows -> ml/soccer_norway_eliteserien/labels.csv
2026-04-17 07:58:48,353 [INFO]   Saved 0 rows -> ml/soccer_norway_eliteserien/ml_ready.csv
2026-04-17 07:58:48,353 [INFO]   soccer_norway_eliteserien: 8 feature rows | 0 labeled
2026-04-17 07:58:48,406 [INFO]   Saved 9 rows -> ml/soccer_poland_ekstraklasa/consensus.csv
2026-04-17 07:58:48,412 [INFO]   Saved 9 rows -> ml/soccer_poland_ekstraklasa/features.csv
2026-04-17 07:58:48,467 [INFO]   Saved 9 rows -> ml/soccer_portugal_primeira_liga/consensus.csv
2026-04-17 07:58:48,473 [INFO]   Saved 9 rows -> ml/soccer_portugal_primeira_liga/features.csv
2026-04-17 07:58:48,476 [INFO]   Saved 1 rows -> ml/soccer_portugal_primeira_liga/labels.csv
2026-04-17 07:58:48,478 [INFO]   Saved 0 rows -> ml/soccer_portugal_primeira_liga/ml_ready.csv
2026-04-17 07:58:48,478 [INFO]   soccer_portugal_primeira_liga: 9 feature rows | 0 labeled
2026-04-17 07:58:48,520 [INFO]   Saved 8 rows -> ml/soccer_russia_premier_league/consensus.csv
2026-04-17 07:58:48,526 [INFO]   Saved 8 rows -> ml/soccer_russia_premier_league/features.csv
2026-04-17 07:58:48,564 [INFO]   Saved 2 rows -> ml/soccer_saudi_arabia_pro_league/consensus.csv
2026-04-17 07:58:48,569 [INFO]   Saved 2 rows -> ml/soccer_saudi_arabia_pro_league/features.csv
2026-04-17 07:58:48,572 [INFO]   Saved 2 rows -> ml/soccer_saudi_arabia_pro_league/labels.csv
2026-04-17 07:58:48,574 [INFO]   Saved 0 rows -> ml/soccer_saudi_arabia_pro_league/ml_ready.csv
2026-04-17 07:58:48,574 [INFO]   soccer_saudi_arabia_pro_league: 2 feature rows | 0 labeled
2026-04-17 07:58:48,586 [INFO]   Saved 1 rows -> ml/soccer_spain_copa_del_rey/consensus.csv
2026-04-17 07:58:48,590 [INFO]   Saved 1 rows -> ml/soccer_spain_copa_del_rey/features.csv
2026-04-17 07:58:48,696 [INFO]   Saved 20 rows -> ml/soccer_spain_la_liga/consensus.csv
2026-04-17 07:58:48,704 [INFO]   Saved 20 rows -> ml/soccer_spain_la_liga/features.csv
2026-04-17 07:58:48,769 [INFO]   Saved 11 rows -> ml/soccer_spain_segunda_division/consensus.csv
2026-04-17 07:58:48,775 [INFO]   Saved 11 rows -> ml/soccer_spain_segunda_division/features.csv
2026-04-17 07:58:48,813 [INFO]   Saved 6 rows -> ml/soccer_spl/consensus.csv
2026-04-17 07:58:48,819 [INFO]   Saved 6 rows -> ml/soccer_spl/features.csv
2026-04-17 07:58:48,869 [INFO]   Saved 8 rows -> ml/soccer_sweden_allsvenskan/consensus.csv
2026-04-17 07:58:48,875 [INFO]   Saved 8 rows -> ml/soccer_sweden_allsvenskan/features.csv
2026-04-17 07:58:48,927 [INFO]   Saved 9 rows -> ml/soccer_sweden_superettan/consensus.csv
2026-04-17 07:58:48,933 [INFO]   Saved 9 rows -> ml/soccer_sweden_superettan/features.csv
2026-04-17 07:58:48,936 [INFO]   Saved 1 rows -> ml/soccer_sweden_superettan/labels.csv
2026-04-17 07:58:48,938 [INFO]   Saved 0 rows -> ml/soccer_sweden_superettan/ml_ready.csv
2026-04-17 07:58:48,938 [INFO]   soccer_sweden_superettan: 9 feature rows | 0 labeled
2026-04-17 07:58:48,978 [INFO]   Saved 7 rows -> ml/soccer_switzerland_superleague/consensus.csv
2026-04-17 07:58:48,984 [INFO]   Saved 7 rows -> ml/soccer_switzerland_superleague/features.csv
2026-04-17 07:58:49,038 [INFO]   Saved 9 rows -> ml/soccer_turkey_super_league/consensus.csv
2026-04-17 07:58:49,045 [INFO]   Saved 9 rows -> ml/soccer_turkey_super_league/features.csv
2026-04-17 07:58:49,065 [INFO]   Saved 2 rows -> ml/soccer_uefa_champs_league/consensus.csv
2026-04-17 07:58:49,070 [INFO]   Saved 2 rows -> ml/soccer_uefa_champs_league/features.csv
2026-04-17 07:58:49,074 [INFO]   Saved 4 rows -> ml/soccer_uefa_champs_league/labels.csv
2026-04-17 07:58:49,076 [INFO]   Saved 0 rows -> ml/soccer_uefa_champs_league/ml_ready.csv
2026-04-17 07:58:49,076 [INFO]   soccer_uefa_champs_league: 2 feature rows | 0 labeled
2026-04-17 07:58:49,100 [INFO]   Saved 3 rows -> ml/soccer_uefa_europa_conference_league/consensus.csv
2026-04-17 07:58:49,105 [INFO]   Saved 3 rows -> ml/soccer_uefa_europa_conference_league/features.csv
2026-04-17 07:58:49,107 [INFO]   Saved 1 rows -> ml/soccer_uefa_europa_conference_league/labels.csv
2026-04-17 07:58:49,109 [INFO]   Saved 0 rows -> ml/soccer_uefa_europa_conference_league/ml_ready.csv
2026-04-17 07:58:49,109 [INFO]   soccer_uefa_europa_conference_league: 3 feature rows | 0 labeled
2026-04-17 07:58:49,133 [INFO]   Saved 3 rows -> ml/soccer_uefa_europa_league/consensus.csv
2026-04-17 07:58:49,138 [INFO]   Saved 3 rows -> ml/soccer_uefa_europa_league/features.csv
2026-04-17 07:58:49,140 [INFO]   Saved 1 rows -> ml/soccer_uefa_europa_league/labels.csv
2026-04-17 07:58:49,142 [INFO]   Saved 0 rows -> ml/soccer_uefa_europa_league/ml_ready.csv
2026-04-17 07:58:49,142 [INFO]   soccer_uefa_europa_league: 3 feature rows | 0 labeled
2026-04-17 07:58:49,341 [INFO]   Saved 40 rows -> ml/soccer_usa_mls/consensus.csv
2026-04-17 07:58:49,353 [INFO]   Saved 40 rows -> ml/soccer_usa_mls/features.csv
2026-04-17 07:58:49,381 [INFO]   Saved 4 rows -> ml/tennis_atp_barcelona_open/consensus.csv
2026-04-17 07:58:49,387 [INFO]   Saved 4 rows -> ml/tennis_atp_barcelona_open/features.csv
2026-04-17 07:58:49,415 [INFO]   Saved 4 rows -> ml/tennis_atp_munich/consensus.csv
2026-04-17 07:58:49,420 [INFO]   Saved 4 rows -> ml/tennis_atp_munich/features.csv
2026-04-17 07:58:49,444 [INFO]   Saved 3 rows -> ml/tennis_wta_stuttgart_open/consensus.csv
2026-04-17 07:58:49,450 [INFO]   Saved 3 rows -> ml/tennis_wta_stuttgart_open/features.csv
2026-04-17 07:58:49,451 [INFO] 
============================================================
2026-04-17 07:58:49,451 [INFO] SUMMARY
2026-04-17 07:58:49,451 [INFO]   Requests          : 1
2026-04-17 07:58:49,451 [INFO]   Credits used      : 9931
2026-04-17 07:58:49,451 [INFO]   Credits remaining : 14990069
2026-04-17 07:58:49,452 [INFO]   Checkpoint tasks  : 1,438
2026-04-17 07:58:49,452 [INFO]   Sports with raw   : 89
2026-04-17 07:58:49,452 [INFO]   Sports with ML    : 79
2026-04-17 07:58:49,452 [INFO]   Output            : /home/runner/work/odds-api-data/odds-api-data/odds_data
2026-04-17 07:58:49,452 [INFO] ============================================================
2026-04-17 07:58:49,452 [INFO] Total time: 0:00:05.753109
2026-04-18 07:18:08,541 [INFO] Starting | mode=current | concurrency=10 | rate=5.0/s
2026-04-18 07:18:08,541 [INFO] Regions: us,us2,uk,eu,au | Markets: h2h,spreads,totals + outrights
2026-04-18 07:18:08,542 [INFO] Fetching sports list...
2026-04-18 07:18:08,755 [WARNING] Quota exhausted (-5 left). Stopping.
2026-04-18 07:18:08,755 [ERROR] Could not fetch sports. Check API key.
2026-04-18 07:18:08,756 [INFO] Building ML tables...
2026-04-18 07:18:08,814 [INFO]   Saved 9 rows -> ml/americanfootball_ncaaf/consensus.csv
2026-04-18 07:18:08,822 [INFO]   Saved 9 rows -> ml/americanfootball_ncaaf/features.csv
2026-04-18 07:18:08,865 [INFO]   Saved 4 rows -> ml/americanfootball_ufl/consensus.csv
2026-04-18 07:18:08,871 [INFO]   Saved 4 rows -> ml/americanfootball_ufl/features.csv
2026-04-18 07:18:08,921 [INFO]   Saved 8 rows -> ml/aussierules_afl/consensus.csv
2026-04-18 07:18:08,927 [INFO]   Saved 8 rows -> ml/aussierules_afl/features.csv
2026-04-18 07:18:08,930 [INFO]   Saved 1 rows -> ml/aussierules_afl/labels.csv
2026-04-18 07:18:08,932 [INFO]   Saved 0 rows -> ml/aussierules_afl/ml_ready.csv
2026-04-18 07:18:08,932 [INFO]   aussierules_afl: 8 feature rows | 0 labeled
2026-04-18 07:18:08,966 [INFO]   Saved 5 rows -> ml/baseball_kbo/consensus.csv
2026-04-18 07:18:08,971 [INFO]   Saved 5 rows -> ml/baseball_kbo/features.csv
2026-04-18 07:18:09,037 [INFO]   Saved 12 rows -> ml/baseball_milb/consensus.csv
2026-04-18 07:18:09,045 [INFO]   Saved 12 rows -> ml/baseball_milb/features.csv
2026-04-18 07:18:09,154 [INFO]   Saved 19 rows -> ml/baseball_mlb/consensus.csv
2026-04-18 07:18:09,163 [INFO]   Saved 19 rows -> ml/baseball_mlb/features.csv
2026-04-18 07:18:09,176 [INFO]   Saved 40 rows -> ml/baseball_mlb/labels.csv
2026-04-18 07:18:09,178 [INFO]   Saved 0 rows -> ml/baseball_mlb/ml_ready.csv
2026-04-18 07:18:09,178 [INFO]   baseball_mlb: 19 feature rows | 0 labeled
2026-04-18 07:18:09,211 [INFO]   Saved 4 rows -> ml/baseball_ncaa/consensus.csv
2026-04-18 07:18:09,217 [INFO]   Saved 4 rows -> ml/baseball_ncaa/features.csv
2026-04-18 07:18:09,257 [INFO]   Saved 6 rows -> ml/baseball_npb/consensus.csv
2026-04-18 07:18:09,263 [INFO]   Saved 6 rows -> ml/baseball_npb/features.csv
2026-04-18 07:18:09,326 [INFO]   Saved 10 rows -> ml/basketball_euroleague/consensus.csv
2026-04-18 07:18:09,333 [INFO]   Saved 10 rows -> ml/basketball_euroleague/features.csv
2026-04-18 07:18:09,388 [INFO]   Saved 8 rows -> ml/basketball_nba/consensus.csv
2026-04-18 07:18:09,394 [INFO]   Saved 8 rows -> ml/basketball_nba/features.csv
2026-04-18 07:18:09,398 [INFO]   Saved 4 rows -> ml/basketball_nba/labels.csv
2026-04-18 07:18:09,400 [INFO]   Saved 0 rows -> ml/basketball_nba/ml_ready.csv
2026-04-18 07:18:09,400 [INFO]   basketball_nba: 8 feature rows | 0 labeled
2026-04-18 07:18:09,433 [INFO]   Saved 4 rows -> ml/basketball_wnba/consensus.csv
2026-04-18 07:18:09,439 [INFO]   Saved 4 rows -> ml/basketball_wnba/features.csv
2026-04-18 07:18:09,654 [INFO]   Saved 52 rows -> ml/boxing_boxing/consensus.csv
2026-04-18 07:18:09,668 [INFO]   Saved 52 rows -> ml/boxing_boxing/features.csv
2026-04-18 07:18:09,681 [INFO]   Saved 1 rows -> ml/cricket_international_t20/consensus.csv
2026-04-18 07:18:09,686 [INFO]   Saved 1 rows -> ml/cricket_international_t20/features.csv
2026-04-18 07:18:09,709 [INFO]   Saved 4 rows -> ml/cricket_ipl/consensus.csv
2026-04-18 07:18:09,714 [INFO]   Saved 4 rows -> ml/cricket_ipl/features.csv
2026-04-18 07:18:09,726 [INFO]   Saved 1 rows -> ml/cricket_odi/consensus.csv
2026-04-18 07:18:09,731 [INFO]   Saved 1 rows -> ml/cricket_odi/features.csv
2026-04-18 07:18:09,749 [INFO]   Saved 2 rows -> ml/cricket_psl/consensus.csv
2026-04-18 07:18:09,754 [INFO]   Saved 2 rows -> ml/cricket_psl/features.csv
2026-04-18 07:18:09,852 [INFO]   Saved 12 rows -> ml/icehockey_ahl/consensus.csv
2026-04-18 07:18:09,859 [INFO]   Saved 12 rows -> ml/icehockey_ahl/features.csv
2026-04-18 07:18:09,873 [INFO]   Saved 1 rows -> ml/icehockey_liiga/consensus.csv
2026-04-18 07:18:09,878 [INFO]   Saved 1 rows -> ml/icehockey_liiga/features.csv
2026-04-18 07:18:09,951 [INFO]   Saved 12 rows -> ml/icehockey_nhl/consensus.csv
2026-04-18 07:18:09,958 [INFO]   Saved 12 rows -> ml/icehockey_nhl/features.csv
2026-04-18 07:18:09,967 [INFO]   Saved 25 rows -> ml/icehockey_nhl/labels.csv
2026-04-18 07:18:09,969 [INFO]   Saved 0 rows -> ml/icehockey_nhl/ml_ready.csv
2026-04-18 07:18:09,969 [INFO]   icehockey_nhl: 12 feature rows | 0 labeled
2026-04-18 07:18:09,987 [INFO]   Saved 1 rows -> ml/icehockey_sweden_allsvenskan/consensus.csv
2026-04-18 07:18:09,992 [INFO]   Saved 1 rows -> ml/icehockey_sweden_allsvenskan/features.csv
2026-04-18 07:18:09,995 [INFO]   Saved 1 rows -> ml/icehockey_sweden_allsvenskan/labels.csv
2026-04-18 07:18:09,997 [INFO]   Saved 0 rows -> ml/icehockey_sweden_allsvenskan/ml_ready.csv
2026-04-18 07:18:09,997 [INFO]   icehockey_sweden_allsvenskan: 1 feature rows | 0 labeled
2026-04-18 07:18:10,009 [INFO]   Saved 1 rows -> ml/icehockey_sweden_hockey_league/consensus.csv
2026-04-18 07:18:10,014 [INFO]   Saved 1 rows -> ml/icehockey_sweden_hockey_league/features.csv
2026-04-18 07:18:10,079 [INFO]   Saved 11 rows -> ml/lacrosse_ncaa/consensus.csv
2026-04-18 07:18:10,086 [INFO]   Saved 11 rows -> ml/lacrosse_ncaa/features.csv
2026-04-18 07:18:10,368 [INFO]   Saved 63 rows -> ml/mma_mixed_martial_arts/consensus.csv
2026-04-18 07:18:10,400 [INFO]   Saved 63 rows -> ml/mma_mixed_martial_arts/features.csv
2026-04-18 07:18:10,495 [INFO]   Saved 15 rows -> ml/rugbyleague_nrl/consensus.csv
2026-04-18 07:18:10,502 [INFO]   Saved 15 rows -> ml/rugbyleague_nrl/features.csv
2026-04-18 07:18:10,505 [INFO]   Saved 1 rows -> ml/rugbyleague_nrl/labels.csv
2026-04-18 07:18:10,507 [INFO]   Saved 0 rows -> ml/rugbyleague_nrl/ml_ready.csv
2026-04-18 07:18:10,507 [INFO]   rugbyleague_nrl: 15 feature rows | 0 labeled
2026-04-18 07:18:10,518 [INFO]   Saved 1 rows -> ml/rugbyleague_nrl_state_of_origin/consensus.csv
2026-04-18 07:18:10,523 [INFO]   Saved 1 rows -> ml/rugbyleague_nrl_state_of_origin/features.csv
2026-04-18 07:18:10,657 [INFO]   Saved 25 rows -> ml/soccer_argentina_primera_division/consensus.csv
2026-04-18 07:18:10,667 [INFO]   Saved 25 rows -> ml/soccer_argentina_primera_division/features.csv
2026-04-18 07:18:10,670 [INFO]   Saved 4 rows -> ml/soccer_argentina_primera_division/labels.csv
2026-04-18 07:18:10,672 [INFO]   Saved 0 rows -> ml/soccer_argentina_primera_division/ml_ready.csv
2026-04-18 07:18:10,673 [INFO]   soccer_argentina_primera_division: 25 feature rows | 0 labeled
2026-04-18 07:18:10,715 [INFO]   Saved 6 rows -> ml/soccer_australia_aleague/consensus.csv
2026-04-18 07:18:10,721 [INFO]   Saved 6 rows -> ml/soccer_australia_aleague/features.csv
2026-04-18 07:18:10,796 [INFO]   Saved 12 rows -> ml/soccer_austria_bundesliga/consensus.csv
2026-04-18 07:18:10,803 [INFO]   Saved 12 rows -> ml/soccer_austria_bundesliga/features.csv
2026-04-18 07:18:10,923 [INFO]   Saved 22 rows -> ml/soccer_belgium_first_div/consensus.csv
2026-04-18 07:18:10,932 [INFO]   Saved 22 rows -> ml/soccer_belgium_first_div/features.csv
2026-04-18 07:18:11,019 [INFO]   Saved 14 rows -> ml/soccer_brazil_campeonato/consensus.csv
2026-04-18 07:18:11,026 [INFO]   Saved 14 rows -> ml/soccer_brazil_campeonato/features.csv
2026-04-18 07:18:11,090 [INFO]   Saved 10 rows -> ml/soccer_brazil_serie_b/consensus.csv
2026-04-18 07:18:11,097 [INFO]   Saved 10 rows -> ml/soccer_brazil_serie_b/features.csv
2026-04-18 07:18:11,151 [INFO]   Saved 8 rows -> ml/soccer_chile_campeonato/consensus.csv
2026-04-18 07:18:11,157 [INFO]   Saved 8 rows -> ml/soccer_chile_campeonato/features.csv
2026-04-18 07:18:11,210 [INFO]   Saved 8 rows -> ml/soccer_china_superleague/consensus.csv
2026-04-18 07:18:11,216 [INFO]   Saved 8 rows -> ml/soccer_china_superleague/features.csv
2026-04-18 07:18:11,330 [INFO]   Saved 20 rows -> ml/soccer_conmebol_copa_libertadores/consensus.csv
2026-04-18 07:18:11,339 [INFO]   Saved 20 rows -> ml/soccer_conmebol_copa_libertadores/features.csv
2026-04-18 07:18:11,453 [INFO]   Saved 21 rows -> ml/soccer_conmebol_copa_sudamericana/consensus.csv
2026-04-18 07:18:11,462 [INFO]   Saved 21 rows -> ml/soccer_conmebol_copa_sudamericana/features.csv
2026-04-18 07:18:11,468 [INFO]   Saved 11 rows -> ml/soccer_conmebol_copa_sudamericana/labels.csv
2026-04-18 07:18:11,470 [INFO]   Saved 0 rows -> ml/soccer_conmebol_copa_sudamericana/ml_ready.csv
2026-04-18 07:18:11,470 [INFO]   soccer_conmebol_copa_sudamericana: 21 feature rows | 0 labeled
2026-04-18 07:18:11,565 [INFO]   Saved 17 rows -> ml/soccer_denmark_superliga/consensus.csv
2026-04-18 07:18:11,573 [INFO]   Saved 17 rows -> ml/soccer_denmark_superliga/features.csv
2026-04-18 07:18:11,762 [INFO]   Saved 35 rows -> ml/soccer_efl_champ/consensus.csv
2026-04-18 07:18:11,773 [INFO]   Saved 35 rows -> ml/soccer_efl_champ/features.csv
2026-04-18 07:18:11,776 [INFO]   Saved 2 rows -> ml/soccer_efl_champ/labels.csv
2026-04-18 07:18:11,778 [INFO]   Saved 0 rows -> ml/soccer_efl_champ/ml_ready.csv
2026-04-18 07:18:11,778 [INFO]   soccer_efl_champ: 35 feature rows | 0 labeled
2026-04-18 07:18:11,889 [INFO]   Saved 19 rows -> ml/soccer_england_league1/consensus.csv
2026-04-18 07:18:11,897 [INFO]   Saved 19 rows -> ml/soccer_england_league1/features.csv
2026-04-18 07:18:11,902 [INFO]   Saved 7 rows -> ml/soccer_england_league1/labels.csv
2026-04-18 07:18:11,904 [INFO]   Saved 0 rows -> ml/soccer_england_league1/ml_ready.csv
2026-04-18 07:18:11,904 [INFO]   soccer_england_league1: 19 feature rows | 0 labeled
2026-04-18 07:18:11,983 [INFO]   Saved 13 rows -> ml/soccer_england_league2/consensus.csv
2026-04-18 07:18:11,990 [INFO]   Saved 13 rows -> ml/soccer_england_league2/features.csv
2026-04-18 07:18:11,994 [INFO]   Saved 4 rows -> ml/soccer_england_league2/labels.csv
2026-04-18 07:18:11,996 [INFO]   Saved 0 rows -> ml/soccer_england_league2/ml_ready.csv
2026-04-18 07:18:11,996 [INFO]   soccer_england_league2: 13 feature rows | 0 labeled
2026-04-18 07:18:12,117 [INFO]   Saved 20 rows -> ml/soccer_epl/consensus.csv
2026-04-18 07:18:12,126 [INFO]   Saved 20 rows -> ml/soccer_epl/features.csv
2026-04-18 07:18:12,147 [INFO]   Saved 2 rows -> ml/soccer_fa_cup/consensus.csv
2026-04-18 07:18:12,152 [INFO]   Saved 2 rows -> ml/soccer_fa_cup/features.csv
2026-04-18 07:18:12,305 [INFO]   Saved 27 rows -> ml/soccer_fifa_world_cup/consensus.csv
2026-04-18 07:18:12,315 [INFO]   Saved 27 rows -> ml/soccer_fifa_world_cup/features.csv
2026-04-18 07:18:12,365 [INFO]   Saved 6 rows -> ml/soccer_finland_veikkausliiga/consensus.csv
2026-04-18 07:18:12,371 [INFO]   Saved 6 rows -> ml/soccer_finland_veikkausliiga/features.csv
2026-04-18 07:18:12,391 [INFO]   Saved 2 rows -> ml/soccer_france_coupe_de_france/consensus.csv
2026-04-18 07:18:12,396 [INFO]   Saved 2 rows -> ml/soccer_france_coupe_de_france/features.csv
2026-04-18 07:18:12,508 [INFO]   Saved 19 rows -> ml/soccer_france_ligue_one/consensus.csv
2026-04-18 07:18:12,517 [INFO]   Saved 19 rows -> ml/soccer_france_ligue_one/features.csv
2026-04-18 07:18:12,576 [INFO]   Saved 9 rows -> ml/soccer_france_ligue_two/consensus.csv
2026-04-18 07:18:12,582 [INFO]   Saved 9 rows -> ml/soccer_france_ligue_two/features.csv
2026-04-18 07:18:12,692 [INFO]   Saved 18 rows -> ml/soccer_germany_bundesliga/consensus.csv
2026-04-18 07:18:12,700 [INFO]   Saved 18 rows -> ml/soccer_germany_bundesliga/features.csv
2026-04-18 07:18:12,760 [INFO]   Saved 9 rows -> ml/soccer_germany_bundesliga2/consensus.csv
2026-04-18 07:18:12,767 [INFO]   Saved 9 rows -> ml/soccer_germany_bundesliga2/features.csv
2026-04-18 07:18:12,784 [INFO]   Saved 2 rows -> ml/soccer_germany_dfb_pokal/consensus.csv
2026-04-18 07:18:12,789 [INFO]   Saved 2 rows -> ml/soccer_germany_dfb_pokal/features.csv
2026-04-18 07:18:12,853 [INFO]   Saved 10 rows -> ml/soccer_germany_liga3/consensus.csv
2026-04-18 07:18:12,860 [INFO]   Saved 10 rows -> ml/soccer_germany_liga3/features.csv
2026-04-18 07:18:12,923 [INFO]   Saved 10 rows -> ml/soccer_greece_super_league/consensus.csv
2026-04-18 07:18:12,930 [INFO]   Saved 10 rows -> ml/soccer_greece_super_league/features.csv
2026-04-18 07:18:12,950 [INFO]   Saved 2 rows -> ml/soccer_italy_coppa_italia/consensus.csv
2026-04-18 07:18:12,955 [INFO]   Saved 2 rows -> ml/soccer_italy_coppa_italia/features.csv
2026-04-18 07:18:13,074 [INFO]   Saved 20 rows -> ml/soccer_italy_serie_a/consensus.csv
2026-04-18 07:18:13,083 [INFO]   Saved 20 rows -> ml/soccer_italy_serie_a/features.csv
2026-04-18 07:18:13,148 [INFO]   Saved 10 rows -> ml/soccer_italy_serie_b/consensus.csv
2026-04-18 07:18:13,155 [INFO]   Saved 10 rows -> ml/soccer_italy_serie_b/features.csv
2026-04-18 07:18:13,157 [INFO]   Saved 1 rows -> ml/soccer_italy_serie_b/labels.csv
2026-04-18 07:18:13,159 [INFO]   Saved 0 rows -> ml/soccer_italy_serie_b/ml_ready.csv
2026-04-18 07:18:13,160 [INFO]   soccer_italy_serie_b: 10 feature rows | 0 labeled
2026-04-18 07:18:13,208 [INFO]   Saved 8 rows -> ml/soccer_japan_j_league/consensus.csv
2026-04-18 07:18:13,214 [INFO]   Saved 8 rows -> ml/soccer_japan_j_league/features.csv
2026-04-18 07:18:13,274 [INFO]   Saved 10 rows -> ml/soccer_korea_kleague1/consensus.csv
2026-04-18 07:18:13,281 [INFO]   Saved 10 rows -> ml/soccer_korea_kleague1/features.csv
2026-04-18 07:18:13,284 [INFO]   Saved 1 rows -> ml/soccer_korea_kleague1/labels.csv
2026-04-18 07:18:13,286 [INFO]   Saved 0 rows -> ml/soccer_korea_kleague1/ml_ready.csv
2026-04-18 07:18:13,286 [INFO]   soccer_korea_kleague1: 10 feature rows | 0 labeled
2026-04-18 07:18:13,322 [INFO]   Saved 5 rows -> ml/soccer_league_of_ireland/consensus.csv
2026-04-18 07:18:13,328 [INFO]   Saved 5 rows -> ml/soccer_league_of_ireland/features.csv
2026-04-18 07:18:13,465 [INFO]   Saved 25 rows -> ml/soccer_mexico_ligamx/consensus.csv
2026-04-18 07:18:13,475 [INFO]   Saved 25 rows -> ml/soccer_mexico_ligamx/features.csv
2026-04-18 07:18:13,533 [INFO]   Saved 9 rows -> ml/soccer_netherlands_eredivisie/consensus.csv
2026-04-18 07:18:13,540 [INFO]   Saved 9 rows -> ml/soccer_netherlands_eredivisie/features.csv
2026-04-18 07:18:13,593 [INFO]   Saved 8 rows -> ml/soccer_norway_eliteserien/consensus.csv
2026-04-18 07:18:13,599 [INFO]   Saved 8 rows -> ml/soccer_norway_eliteserien/features.csv
2026-04-18 07:18:13,603 [INFO]   Saved 2 rows -> ml/soccer_norway_eliteserien/labels.csv
2026-04-18 07:18:13,605 [INFO]   Saved 0 rows -> ml/soccer_norway_eliteserien/ml_ready.csv
2026-04-18 07:18:13,605 [INFO]   soccer_norway_eliteserien: 8 feature rows | 0 labeled
2026-04-18 07:18:13,663 [INFO]   Saved 9 rows -> ml/soccer_poland_ekstraklasa/consensus.csv
2026-04-18 07:18:13,669 [INFO]   Saved 9 rows -> ml/soccer_poland_ekstraklasa/features.csv
2026-04-18 07:18:13,729 [INFO]   Saved 9 rows -> ml/soccer_portugal_primeira_liga/consensus.csv
2026-04-18 07:18:13,735 [INFO]   Saved 9 rows -> ml/soccer_portugal_primeira_liga/features.csv
2026-04-18 07:18:13,738 [INFO]   Saved 1 rows -> ml/soccer_portugal_primeira_liga/labels.csv
2026-04-18 07:18:13,740 [INFO]   Saved 0 rows -> ml/soccer_portugal_primeira_liga/ml_ready.csv
2026-04-18 07:18:13,740 [INFO]   soccer_portugal_primeira_liga: 9 feature rows | 0 labeled
2026-04-18 07:18:13,787 [INFO]   Saved 8 rows -> ml/soccer_russia_premier_league/consensus.csv
2026-04-18 07:18:13,793 [INFO]   Saved 8 rows -> ml/soccer_russia_premier_league/features.csv
2026-04-18 07:18:13,812 [INFO]   Saved 2 rows -> ml/soccer_saudi_arabia_pro_league/consensus.csv
2026-04-18 07:18:13,817 [INFO]   Saved 2 rows -> ml/soccer_saudi_arabia_pro_league/features.csv
2026-04-18 07:18:13,820 [INFO]   Saved 2 rows -> ml/soccer_saudi_arabia_pro_league/labels.csv
2026-04-18 07:18:13,822 [INFO]   Saved 0 rows -> ml/soccer_saudi_arabia_pro_league/ml_ready.csv
2026-04-18 07:18:13,822 [INFO]   soccer_saudi_arabia_pro_league: 2 feature rows | 0 labeled
2026-04-18 07:18:13,835 [INFO]   Saved 1 rows -> ml/soccer_spain_copa_del_rey/consensus.csv
2026-04-18 07:18:13,840 [INFO]   Saved 1 rows -> ml/soccer_spain_copa_del_rey/features.csv
2026-04-18 07:18:13,958 [INFO]   Saved 20 rows -> ml/soccer_spain_la_liga/consensus.csv
2026-04-18 07:18:13,967 [INFO]   Saved 20 rows -> ml/soccer_spain_la_liga/features.csv
2026-04-18 07:18:14,053 [INFO]   Saved 11 rows -> ml/soccer_spain_segunda_division/consensus.csv
2026-04-18 07:18:14,060 [INFO]   Saved 11 rows -> ml/soccer_spain_segunda_division/features.csv
2026-04-18 07:18:14,101 [INFO]   Saved 6 rows -> ml/soccer_spl/consensus.csv
2026-04-18 07:18:14,107 [INFO]   Saved 6 rows -> ml/soccer_spl/features.csv
2026-04-18 07:18:14,161 [INFO]   Saved 8 rows -> ml/soccer_sweden_allsvenskan/consensus.csv
2026-04-18 07:18:14,167 [INFO]   Saved 8 rows -> ml/soccer_sweden_allsvenskan/features.csv
2026-04-18 07:18:14,225 [INFO]   Saved 9 rows -> ml/soccer_sweden_superettan/consensus.csv
2026-04-18 07:18:14,231 [INFO]   Saved 9 rows -> ml/soccer_sweden_superettan/features.csv
2026-04-18 07:18:14,234 [INFO]   Saved 1 rows -> ml/soccer_sweden_superettan/labels.csv
2026-04-18 07:18:14,236 [INFO]   Saved 0 rows -> ml/soccer_sweden_superettan/ml_ready.csv
2026-04-18 07:18:14,236 [INFO]   soccer_sweden_superettan: 9 feature rows | 0 labeled
2026-04-18 07:18:14,280 [INFO]   Saved 7 rows -> ml/soccer_switzerland_superleague/consensus.csv
2026-04-18 07:18:14,286 [INFO]   Saved 7 rows -> ml/soccer_switzerland_superleague/features.csv
2026-04-18 07:18:14,346 [INFO]   Saved 9 rows -> ml/soccer_turkey_super_league/consensus.csv
2026-04-18 07:18:14,352 [INFO]   Saved 9 rows -> ml/soccer_turkey_super_league/features.csv
2026-04-18 07:18:14,374 [INFO]   Saved 2 rows -> ml/soccer_uefa_champs_league/consensus.csv
2026-04-18 07:18:14,379 [INFO]   Saved 2 rows -> ml/soccer_uefa_champs_league/features.csv
2026-04-18 07:18:14,382 [INFO]   Saved 4 rows -> ml/soccer_uefa_champs_league/labels.csv
2026-04-18 07:18:14,384 [INFO]   Saved 0 rows -> ml/soccer_uefa_champs_league/ml_ready.csv
2026-04-18 07:18:14,385 [INFO]   soccer_uefa_champs_league: 2 feature rows | 0 labeled
2026-04-18 07:18:14,410 [INFO]   Saved 3 rows -> ml/soccer_uefa_europa_conference_league/consensus.csv
2026-04-18 07:18:14,415 [INFO]   Saved 3 rows -> ml/soccer_uefa_europa_conference_league/features.csv
2026-04-18 07:18:14,417 [INFO]   Saved 1 rows -> ml/soccer_uefa_europa_conference_league/labels.csv
2026-04-18 07:18:14,419 [INFO]   Saved 0 rows -> ml/soccer_uefa_europa_conference_league/ml_ready.csv
2026-04-18 07:18:14,419 [INFO]   soccer_uefa_europa_conference_league: 3 feature rows | 0 labeled
2026-04-18 07:18:14,445 [INFO]   Saved 3 rows -> ml/soccer_uefa_europa_league/consensus.csv
2026-04-18 07:18:14,450 [INFO]   Saved 3 rows -> ml/soccer_uefa_europa_league/features.csv
2026-04-18 07:18:14,453 [INFO]   Saved 1 rows -> ml/soccer_uefa_europa_league/labels.csv
2026-04-18 07:18:14,455 [INFO]   Saved 0 rows -> ml/soccer_uefa_europa_league/ml_ready.csv
2026-04-18 07:18:14,455 [INFO]   soccer_uefa_europa_league: 3 feature rows | 0 labeled
2026-04-18 07:18:14,696 [INFO]   Saved 40 rows -> ml/soccer_usa_mls/consensus.csv
2026-04-18 07:18:14,708 [INFO]   Saved 40 rows -> ml/soccer_usa_mls/features.csv
2026-04-18 07:18:14,740 [INFO]   Saved 4 rows -> ml/tennis_atp_barcelona_open/consensus.csv
2026-04-18 07:18:14,746 [INFO]   Saved 4 rows -> ml/tennis_atp_barcelona_open/features.csv
2026-04-18 07:18:14,777 [INFO]   Saved 4 rows -> ml/tennis_atp_munich/consensus.csv
2026-04-18 07:18:14,782 [INFO]   Saved 4 rows -> ml/tennis_atp_munich/features.csv
2026-04-18 07:18:14,807 [INFO]   Saved 3 rows -> ml/tennis_wta_stuttgart_open/consensus.csv
2026-04-18 07:18:14,813 [INFO]   Saved 3 rows -> ml/tennis_wta_stuttgart_open/features.csv
2026-04-18 07:18:14,814 [INFO] 
============================================================
2026-04-18 07:18:14,814 [INFO] SUMMARY
2026-04-18 07:18:14,814 [INFO]   Requests          : 1
2026-04-18 07:18:14,814 [INFO]   Credits used      : 15000005
2026-04-18 07:18:14,815 [INFO]   Credits remaining : -5
2026-04-18 07:18:14,815 [INFO]   Checkpoint tasks  : 1,438
2026-04-18 07:18:14,815 [INFO]   Sports with raw   : 89
2026-04-18 07:18:14,815 [INFO]   Sports with ML    : 79
2026-04-18 07:18:14,815 [INFO]   Output            : /home/runner/work/odds-api-data/odds-api-data/odds_data
2026-04-18 07:18:14,815 [INFO] ============================================================
2026-04-18 07:18:14,815 [INFO] Total time: 0:00:06.273909
